<?xml version="1.0" encoding="UTF-8"?>
<!-- Generated by org.testng.reporters.JUnitReportReporter -->
<testsuite hostname="FULL411-WIN" name="sb.Sample" tests="1" failures="0" timestamp="23 Mar 2018 12:06:01 GMT" time="27.422" errors="0">
  <testcase name="textfield" time="27.422" classname="sb.Sample"/>
</testsuite> <!-- sb.Sample -->
