<?xml version="1.0" encoding="UTF-8"?>
<!-- Generated by org.testng.reporters.JUnitReportReporter -->
<testsuite hostname="FULL411-WIN" name="sb.SbMessageHistory" tests="1" failures="0" timestamp="9 Mar 2018 04:29:12 GMT" time="27.148" errors="0">
  <testcase name="textfield" time="27.148" classname="sb.SbMessageHistory"/>
</testsuite> <!-- sb.SbMessageHistory -->
