<?xml version="1.0" encoding="UTF-8"?>
<!-- Generated by org.testng.reporters.JUnitReportReporter -->
<testsuite hostname="FULL411-WIN" name="sb.Feedback" tests="1" failures="0" timestamp="8 Mar 2018 13:57:32 GMT" time="26.682" errors="0">
  <testcase name="attach" time="26.682" classname="sb.Feedback"/>
</testsuite> <!-- sb.Feedback -->
