<?xml version="1.0" encoding="UTF-8"?>
<!-- Generated by org.testng.reporters.JUnitReportReporter -->
<testsuite hostname="FULL411-WIN" name="sb.Usinginherit" tests="2" failures="0" timestamp="31 Mar 2018 17:10:45 GMT" time="57.432" errors="0">
  <testcase name="sample" time="12.107" classname="sb.Usinginherit"/>
  <testcase name="sample" time="45.325" classname="sb.Usinginherit"/>
</testsuite> <!-- sb.Usinginherit -->
